17-Feb-2026 09:35:44.507 INFO [main] org.apache.catalina.startup.VersionLoggerListener.log Server version name:   Apache Tomcat/9.0.115
17-Feb-2026 09:35:44.512 INFO [main] org.apache.catalina.startup.VersionLoggerListener.log Server built:          Jan 21 2026 08:17:26 UTC
17-Feb-2026 09:35:44.513 INFO [main] org.apache.catalina.startup.VersionLoggerListener.log Server version number: 9.0.115.0
17-Feb-2026 09:35:44.515 INFO [main] org.apache.catalina.startup.VersionLoggerListener.log OS Name:               Linux
17-Feb-2026 09:35:44.515 INFO [main] org.apache.catalina.startup.VersionLoggerListener.log OS Version:            6.8.0-1030-azure
17-Feb-2026 09:35:44.515 INFO [main] org.apache.catalina.startup.VersionLoggerListener.log Architecture:          amd64
17-Feb-2026 09:35:44.516 INFO [main] org.apache.catalina.startup.VersionLoggerListener.log Java Home:             /usr/local/sdkman/candidates/java/25.0.1-ms
17-Feb-2026 09:35:44.516 INFO [main] org.apache.catalina.startup.VersionLoggerListener.log JVM Version:           25.0.1+8-LTS
17-Feb-2026 09:35:44.516 INFO [main] org.apache.catalina.startup.VersionLoggerListener.log JVM Vendor:            Microsoft
17-Feb-2026 09:35:44.516 INFO [main] org.apache.catalina.startup.VersionLoggerListener.log CATALINA_BASE:         /workspaces/DevOPSlab/exp3/tomcat
17-Feb-2026 09:35:44.516 INFO [main] org.apache.catalina.startup.VersionLoggerListener.log CATALINA_HOME:         /workspaces/DevOPSlab/exp3/tomcat
17-Feb-2026 09:35:44.529 INFO [main] org.apache.catalina.startup.VersionLoggerListener.log Command line argument: --add-opens=java.base/java.lang=ALL-UNNAMED
17-Feb-2026 09:35:44.530 INFO [main] org.apache.catalina.startup.VersionLoggerListener.log Command line argument: --add-opens=java.base/java.lang.invoke=ALL-UNNAMED
17-Feb-2026 09:35:44.531 INFO [main] org.apache.catalina.startup.VersionLoggerListener.log Command line argument: --add-opens=java.base/java.lang.reflect=ALL-UNNAMED
17-Feb-2026 09:35:44.531 INFO [main] org.apache.catalina.startup.VersionLoggerListener.log Command line argument: --add-opens=java.base/java.io=ALL-UNNAMED
17-Feb-2026 09:35:44.531 INFO [main] org.apache.catalina.startup.VersionLoggerListener.log Command line argument: --add-opens=java.base/java.util=ALL-UNNAMED
17-Feb-2026 09:35:44.532 INFO [main] org.apache.catalina.startup.VersionLoggerListener.log Command line argument: --add-opens=java.base/java.util.concurrent=ALL-UNNAMED
17-Feb-2026 09:35:44.532 INFO [main] org.apache.catalina.startup.VersionLoggerListener.log Command line argument: --add-opens=java.rmi/sun.rmi.transport=ALL-UNNAMED
17-Feb-2026 09:35:44.532 INFO [main] org.apache.catalina.startup.VersionLoggerListener.log Command line argument: -Djava.util.logging.config.file=/workspaces/DevOPSlab/exp3/tomcat/conf/logging.properties
17-Feb-2026 09:35:44.533 INFO [main] org.apache.catalina.startup.VersionLoggerListener.log Command line argument: -Djava.util.logging.manager=org.apache.juli.ClassLoaderLogManager
17-Feb-2026 09:35:44.533 INFO [main] org.apache.catalina.startup.VersionLoggerListener.log Command line argument: -Djdk.tls.ephemeralDHKeySize=2048
17-Feb-2026 09:35:44.533 INFO [main] org.apache.catalina.startup.VersionLoggerListener.log Command line argument: -Djava.protocol.handler.pkgs=org.apache.catalina.webresources
17-Feb-2026 09:35:44.533 INFO [main] org.apache.catalina.startup.VersionLoggerListener.log Command line argument: -Dsun.io.useCanonCaches=false
17-Feb-2026 09:35:44.534 INFO [main] org.apache.catalina.startup.VersionLoggerListener.log Command line argument: -Dorg.apache.catalina.security.SecurityListener.UMASK=0027
17-Feb-2026 09:35:44.535 INFO [main] org.apache.catalina.startup.VersionLoggerListener.log Command line argument: -Dignore.endorsed.dirs=
17-Feb-2026 09:35:44.535 INFO [main] org.apache.catalina.startup.VersionLoggerListener.log Command line argument: -Dcatalina.base=/workspaces/DevOPSlab/exp3/tomcat
17-Feb-2026 09:35:44.535 INFO [main] org.apache.catalina.startup.VersionLoggerListener.log Command line argument: -Dcatalina.home=/workspaces/DevOPSlab/exp3/tomcat
17-Feb-2026 09:35:44.536 INFO [main] org.apache.catalina.startup.VersionLoggerListener.log Command line argument: -Djava.io.tmpdir=/workspaces/DevOPSlab/exp3/tomcat/temp
17-Feb-2026 09:35:44.549 INFO [main] org.apache.catalina.core.AprLifecycleListener.lifecycleEvent The Apache Tomcat Native library which allows using OpenSSL was not found on the java.library.path: [/usr/java/packages/lib:/usr/lib64:/lib64:/lib:/usr/lib]
17-Feb-2026 09:35:45.233 INFO [main] org.apache.coyote.AbstractProtocol.init Initializing ProtocolHandler ["http-nio-8090"]
17-Feb-2026 09:35:45.264 INFO [main] org.apache.catalina.startup.Catalina.load Server initialization in [1078] milliseconds
17-Feb-2026 09:35:45.314 INFO [main] org.apache.catalina.core.StandardService.startInternal Starting service [Catalina]
17-Feb-2026 09:35:45.315 INFO [main] org.apache.catalina.core.StandardEngine.startInternal Starting Servlet engine: [Apache Tomcat/9.0.115]
17-Feb-2026 09:35:45.321 INFO [main] org.apache.catalina.startup.HostConfig.deployDirectory Deploying web application directory [/workspaces/DevOPSlab/exp3/tomcat/webapps/docs]
17-Feb-2026 09:35:45.621 INFO [main] org.apache.catalina.startup.HostConfig.deployDirectory Deployment of web application directory [/workspaces/DevOPSlab/exp3/tomcat/webapps/docs] has finished in [290] ms
17-Feb-2026 09:35:45.621 INFO [main] org.apache.catalina.startup.HostConfig.deployDirectory Deploying web application directory [/workspaces/DevOPSlab/exp3/tomcat/webapps/examples]
17-Feb-2026 09:35:46.131 INFO [main] org.apache.catalina.startup.HostConfig.deployDirectory Deployment of web application directory [/workspaces/DevOPSlab/exp3/tomcat/webapps/examples] has finished in [510] ms
17-Feb-2026 09:35:46.132 INFO [main] org.apache.catalina.startup.HostConfig.deployDirectory Deploying web application directory [/workspaces/DevOPSlab/exp3/tomcat/webapps/manager]
17-Feb-2026 09:35:46.159 INFO [main] org.apache.catalina.startup.HostConfig.deployDirectory Deployment of web application directory [/workspaces/DevOPSlab/exp3/tomcat/webapps/manager] has finished in [27] ms
17-Feb-2026 09:35:46.160 INFO [main] org.apache.catalina.startup.HostConfig.deployDirectory Deploying web application directory [/workspaces/DevOPSlab/exp3/tomcat/webapps/host-manager]
17-Feb-2026 09:35:46.178 INFO [main] org.apache.catalina.startup.HostConfig.deployDirectory Deployment of web application directory [/workspaces/DevOPSlab/exp3/tomcat/webapps/host-manager] has finished in [18] ms
17-Feb-2026 09:35:46.179 INFO [main] org.apache.catalina.startup.HostConfig.deployDirectory Deploying web application directory [/workspaces/DevOPSlab/exp3/tomcat/webapps/ROOT]
17-Feb-2026 09:35:46.191 INFO [main] org.apache.catalina.startup.HostConfig.deployDirectory Deployment of web application directory [/workspaces/DevOPSlab/exp3/tomcat/webapps/ROOT] has finished in [12] ms
17-Feb-2026 09:35:46.196 INFO [main] org.apache.coyote.AbstractProtocol.start Starting ProtocolHandler ["http-nio-8090"]
17-Feb-2026 09:35:46.224 INFO [main] org.apache.catalina.startup.Catalina.start Server startup in [958] milliseconds
17-Feb-2026 09:59:09.761 INFO [http-nio-8090-exec-9] org.apache.catalina.startup.HostConfig.deployWAR Deploying web application archive [/workspaces/DevOPSlab/exp3/tomcat/webapps/my-demo.war]
17-Feb-2026 09:59:09.829 INFO [http-nio-8090-exec-9] org.apache.catalina.startup.HostConfig.deployWAR Deployment of web application archive [/workspaces/DevOPSlab/exp3/tomcat/webapps/my-demo.war] has finished in [67] ms
